BioNetGen version 2.2.6
Reading from file sim0.bngl (level 0)
Reading from file network0.net (level 1)
Read 48 parameters.
Adding pY as allowed state of component Y1068 of molecule egfr
Adding pY as allowed state of component Y1148 of molecule egfr
Adding pY as allowed state of component Y317 of molecule Shc
Read 356 species.
Read 3749 reaction(s).
WARNING: Found 'groups' block before 'observables': creating observables.
Read 15 group(s).
Finished processing file network0.net.
CPU TIME: readFile 0.41 s.
ACTION: simulate( method=>"cvode" )
Network simulation using cvode
WARNING: writeFile(): Overwriting existing file ./sim0.net.
Wrote network in net format to ./sim0.net.
Running run_network on cihank
full command: /home/cihank/Downloads/RuleBender-2.1.0-lin64/BioNetGen-2.2.6/bin/run_network -o ./sim0 -p cvode -a 1e-08 -r 1e-08 -b --cdat 1 --fdat 0 -g ./sim0.net ./sim0.net 0.8 50
[simulation PID is: 14763]
run_network 3.0
Read 48 parameters
Read 356 species
Read 15 group(s) from ./sim0.net
Read 0 function(s)
Read 3749 reaction(s)
Removed 261 reactions with zero rate
3488 reaction(s) have nonzero rate
Initialization took 0.02 CPU seconds
Propagating with cvode using GMRES
Time course of concentrations written to file ./sim0.cdat.
Time course of groups written to file ./sim0.gdat.
Propagation took 1.20e-01 CPU seconds
Program times:  0.14 CPU s 0.00 clock s 
Updating species concentrations from ./sim0.cdat
CPU TIME: simulate 0.23 s.
Finished processing file sim0.bngl.
CPU TIME: total 0.64 s.
